/!\ FAILSAFE /!\  Sun Aug 29 16:00:37 -0500 2010
  Status: 500 Internal Server Error
  no such file to load -- mysql
    /Users/noel/.rvm/rubies/ruby-1.8.7-p302/lib/ruby/site_ruby/1.8/rubygems/custom_require.rb:31:in `gem_original_require'
    /Users/noel/.rvm/rubies/ruby-1.8.7-p302/lib/ruby/site_ruby/1.8/rubygems/custom_require.rb:31:in `require'
    /Users/noel/Projects/time_travel/vendor/rails/activesupport/lib/active_support/dependencies.rb:156:in `require'
    /Users/noel/Projects/time_travel/vendor/rails/activesupport/lib/active_support/dependencies.rb:521:in `new_constants_in'
    /Users/noel/Projects/time_travel/vendor/rails/activesupport/lib/active_support/dependencies.rb:156:in `require'
    /Users/noel/Projects/time_travel/vendor/rails/activesupport/lib/active_support/core_ext/kernel/requires.rb:7:in `require_library_or_gem'
    /Users/noel/Projects/time_travel/vendor/rails/activesupport/lib/active_support/core_ext/kernel/reporting.rb:11:in `silence_warnings'
    /Users/noel/Projects/time_travel/vendor/rails/activesupport/lib/active_support/core_ext/kernel/requires.rb:5:in `require_library_or_gem'
    /Users/noel/Projects/time_travel/vendor/rails/activerecord/lib/active_record/connection_adapters/mysql_adapter.rb:61:in `mysql_connection'
    /Users/noel/Projects/time_travel/vendor/rails/activerecord/lib/active_record/connection_adapters/abstract/connection_pool.rb:223:in `send'
    /Users/noel/Projects/time_travel/vendor/rails/activerecord/lib/active_record/connection_adapters/abstract/connection_pool.rb:223:in `new_connection'
    /Users/noel/Projects/time_travel/vendor/rails/activerecord/lib/active_record/connection_adapters/abstract/connection_pool.rb:245:in `checkout_new_connection'
    /Users/noel/Projects/time_travel/vendor/rails/activerecord/lib/active_record/connection_adapters/abstract/connection_pool.rb:188:in `checkout'
    /Users/noel/Projects/time_travel/vendor/rails/activerecord/lib/active_record/connection_adapters/abstract/connection_pool.rb:184:in `loop'
    /Users/noel/Projects/time_travel/vendor/rails/activerecord/lib/active_record/connection_adapters/abstract/connection_pool.rb:184:in `checkout'
    /Users/noel/.rvm/rubies/ruby-1.8.7-p302/lib/ruby/1.8/monitor.rb:242:in `synchronize'
    /Users/noel/Projects/time_travel/vendor/rails/activerecord/lib/active_record/connection_adapters/abstract/connection_pool.rb:183:in `checkout'
    /Users/noel/Projects/time_travel/vendor/rails/activerecord/lib/active_record/connection_adapters/abstract/connection_pool.rb:98:in `connection'
    /Users/noel/Projects/time_travel/vendor/rails/activerecord/lib/active_record/connection_adapters/abstract/connection_pool.rb:326:in `retrieve_connection'
    /Users/noel/Projects/time_travel/vendor/rails/activerecord/lib/active_record/connection_adapters/abstract/connection_specification.rb:123:in `retrieve_connection'
    /Users/noel/Projects/time_travel/vendor/rails/activerecord/lib/active_record/connection_adapters/abstract/connection_specification.rb:115:in `connection'
    /Users/noel/Projects/time_travel/vendor/rails/activerecord/lib/active_record/query_cache.rb:9:in `cache'
    /Users/noel/Projects/time_travel/vendor/rails/activerecord/lib/active_record/query_cache.rb:28:in `call'
    /Users/noel/Projects/time_travel/vendor/rails/activerecord/lib/active_record/connection_adapters/abstract/connection_pool.rb:361:in `call'
    /Users/noel/Projects/time_travel/vendor/rails/actionpack/lib/action_controller/string_coercion.rb:25:in `call'
    /Users/noel/.rvm/gems/ruby-1.8.7-p302@time_travel/gems/rack-1.1.0/lib/rack/head.rb:9:in `call'
    /Users/noel/.rvm/gems/ruby-1.8.7-p302@time_travel/gems/rack-1.1.0/lib/rack/methodoverride.rb:24:in `call'
    /Users/noel/Projects/time_travel/vendor/rails/actionpack/lib/action_controller/params_parser.rb:15:in `call'
    /Users/noel/Projects/time_travel/vendor/rails/actionpack/lib/action_controller/session/cookie_store.rb:99:in `call'
    /Users/noel/Projects/time_travel/vendor/rails/actionpack/lib/action_controller/failsafe.rb:26:in `call'
    /Users/noel/.rvm/gems/ruby-1.8.7-p302@time_travel/gems/rack-1.1.0/lib/rack/lock.rb:11:in `call'
    /Users/noel/.rvm/gems/ruby-1.8.7-p302@time_travel/gems/rack-1.1.0/lib/rack/lock.rb:11:in `synchronize'
    /Users/noel/.rvm/gems/ruby-1.8.7-p302@time_travel/gems/rack-1.1.0/lib/rack/lock.rb:11:in `call'
    /Users/noel/Projects/time_travel/vendor/rails/actionpack/lib/action_controller/dispatcher.rb:114:in `call'
    /Users/noel/Projects/time_travel/vendor/rails/actionpack/lib/action_controller/reloader.rb:34:in `run'
    /Users/noel/Projects/time_travel/vendor/rails/actionpack/lib/action_controller/dispatcher.rb:108:in `call'
    /Users/noel/Projects/time_travel/vendor/rails/railties/lib/rails/rack/static.rb:31:in `call'
    /Users/noel/.rvm/gems/ruby-1.8.7-p302@time_travel/gems/rack-1.1.0/lib/rack/urlmap.rb:47:in `call'
    /Users/noel/.rvm/gems/ruby-1.8.7-p302@time_travel/gems/rack-1.1.0/lib/rack/urlmap.rb:41:in `each'
    /Users/noel/.rvm/gems/ruby-1.8.7-p302@time_travel/gems/rack-1.1.0/lib/rack/urlmap.rb:41:in `call'
    /Users/noel/Projects/time_travel/vendor/rails/railties/lib/rails/rack/log_tailer.rb:17:in `call'
    /Users/noel/.rvm/gems/ruby-1.8.7-p302@time_travel/gems/rack-1.1.0/lib/rack/content_length.rb:13:in `call'
    /Users/noel/.rvm/gems/ruby-1.8.7-p302@time_travel/gems/rack-1.1.0/lib/rack/handler/webrick.rb:48:in `service'
    /Users/noel/.rvm/rubies/ruby-1.8.7-p302/lib/ruby/1.8/webrick/httpserver.rb:104:in `service'
    /Users/noel/.rvm/rubies/ruby-1.8.7-p302/lib/ruby/1.8/webrick/httpserver.rb:65:in `run'
    /Users/noel/.rvm/rubies/ruby-1.8.7-p302/lib/ruby/1.8/webrick/server.rb:173:in `start_thread'
    /Users/noel/.rvm/rubies/ruby-1.8.7-p302/lib/ruby/1.8/webrick/server.rb:162:in `start'
    /Users/noel/.rvm/rubies/ruby-1.8.7-p302/lib/ruby/1.8/webrick/server.rb:162:in `start_thread'
    /Users/noel/.rvm/rubies/ruby-1.8.7-p302/lib/ruby/1.8/webrick/server.rb:95:in `start'
    /Users/noel/.rvm/rubies/ruby-1.8.7-p302/lib/ruby/1.8/webrick/server.rb:92:in `each'
    /Users/noel/.rvm/rubies/ruby-1.8.7-p302/lib/ruby/1.8/webrick/server.rb:92:in `start'
    /Users/noel/.rvm/rubies/ruby-1.8.7-p302/lib/ruby/1.8/webrick/server.rb:23:in `start'
    /Users/noel/.rvm/rubies/ruby-1.8.7-p302/lib/ruby/1.8/webrick/server.rb:82:in `start'
    /Users/noel/.rvm/gems/ruby-1.8.7-p302@time_travel/gems/rack-1.1.0/lib/rack/handler/webrick.rb:14:in `run'
    /Users/noel/Projects/time_travel/vendor/rails/railties/lib/commands/server.rb:111
    /Users/noel/.rvm/rubies/ruby-1.8.7-p302/lib/ruby/site_ruby/1.8/rubygems/custom_require.rb:31:in `gem_original_require'
    /Users/noel/.rvm/rubies/ruby-1.8.7-p302/lib/ruby/site_ruby/1.8/rubygems/custom_require.rb:31:in `require'
    script/server:3
/!\ FAILSAFE /!\  Sun Aug 29 16:01:11 -0500 2010
  Status: 500 Internal Server Error
  no such file to load -- mysql
    /Users/noel/.rvm/rubies/ruby-1.8.7-p302/lib/ruby/site_ruby/1.8/rubygems/custom_require.rb:31:in `gem_original_require'
    /Users/noel/.rvm/rubies/ruby-1.8.7-p302/lib/ruby/site_ruby/1.8/rubygems/custom_require.rb:31:in `require'
    /Users/noel/Projects/time_travel/vendor/rails/activesupport/lib/active_support/dependencies.rb:156:in `require'
    /Users/noel/Projects/time_travel/vendor/rails/activesupport/lib/active_support/dependencies.rb:521:in `new_constants_in'
    /Users/noel/Projects/time_travel/vendor/rails/activesupport/lib/active_support/dependencies.rb:156:in `require'
    /Users/noel/Projects/time_travel/vendor/rails/activesupport/lib/active_support/core_ext/kernel/requires.rb:7:in `require_library_or_gem'
    /Users/noel/Projects/time_travel/vendor/rails/activesupport/lib/active_support/core_ext/kernel/reporting.rb:11:in `silence_warnings'
    /Users/noel/Projects/time_travel/vendor/rails/activesupport/lib/active_support/core_ext/kernel/requires.rb:5:in `require_library_or_gem'
    /Users/noel/Projects/time_travel/vendor/rails/activerecord/lib/active_record/connection_adapters/mysql_adapter.rb:61:in `mysql_connection'
    /Users/noel/Projects/time_travel/vendor/rails/activerecord/lib/active_record/connection_adapters/abstract/connection_pool.rb:223:in `send'
    /Users/noel/Projects/time_travel/vendor/rails/activerecord/lib/active_record/connection_adapters/abstract/connection_pool.rb:223:in `new_connection'
    /Users/noel/Projects/time_travel/vendor/rails/activerecord/lib/active_record/connection_adapters/abstract/connection_pool.rb:245:in `checkout_new_connection'
    /Users/noel/Projects/time_travel/vendor/rails/activerecord/lib/active_record/connection_adapters/abstract/connection_pool.rb:188:in `checkout'
    /Users/noel/Projects/time_travel/vendor/rails/activerecord/lib/active_record/connection_adapters/abstract/connection_pool.rb:184:in `loop'
    /Users/noel/Projects/time_travel/vendor/rails/activerecord/lib/active_record/connection_adapters/abstract/connection_pool.rb:184:in `checkout'
    /Users/noel/.rvm/rubies/ruby-1.8.7-p302/lib/ruby/1.8/monitor.rb:242:in `synchronize'
    /Users/noel/Projects/time_travel/vendor/rails/activerecord/lib/active_record/connection_adapters/abstract/connection_pool.rb:183:in `checkout'
    /Users/noel/Projects/time_travel/vendor/rails/activerecord/lib/active_record/connection_adapters/abstract/connection_pool.rb:98:in `connection'
    /Users/noel/Projects/time_travel/vendor/rails/activerecord/lib/active_record/connection_adapters/abstract/connection_pool.rb:326:in `retrieve_connection'
    /Users/noel/Projects/time_travel/vendor/rails/activerecord/lib/active_record/connection_adapters/abstract/connection_specification.rb:123:in `retrieve_connection'
    /Users/noel/Projects/time_travel/vendor/rails/activerecord/lib/active_record/connection_adapters/abstract/connection_specification.rb:115:in `connection'
    /Users/noel/Projects/time_travel/vendor/rails/activerecord/lib/active_record/query_cache.rb:9:in `cache'
    /Users/noel/Projects/time_travel/vendor/rails/activerecord/lib/active_record/query_cache.rb:28:in `call'
    /Users/noel/Projects/time_travel/vendor/rails/activerecord/lib/active_record/connection_adapters/abstract/connection_pool.rb:361:in `call'
    /Users/noel/Projects/time_travel/vendor/rails/actionpack/lib/action_controller/string_coercion.rb:25:in `call'
    /Users/noel/.rvm/gems/ruby-1.8.7-p302@time_travel/gems/rack-1.1.0/lib/rack/head.rb:9:in `call'
    /Users/noel/.rvm/gems/ruby-1.8.7-p302@time_travel/gems/rack-1.1.0/lib/rack/methodoverride.rb:24:in `call'
    /Users/noel/Projects/time_travel/vendor/rails/actionpack/lib/action_controller/params_parser.rb:15:in `call'
    /Users/noel/Projects/time_travel/vendor/rails/actionpack/lib/action_controller/session/cookie_store.rb:99:in `call'
    /Users/noel/Projects/time_travel/vendor/rails/actionpack/lib/action_controller/failsafe.rb:26:in `call'
    /Users/noel/.rvm/gems/ruby-1.8.7-p302@time_travel/gems/rack-1.1.0/lib/rack/lock.rb:11:in `call'
    /Users/noel/.rvm/gems/ruby-1.8.7-p302@time_travel/gems/rack-1.1.0/lib/rack/lock.rb:11:in `synchronize'
    /Users/noel/.rvm/gems/ruby-1.8.7-p302@time_travel/gems/rack-1.1.0/lib/rack/lock.rb:11:in `call'
    /Users/noel/Projects/time_travel/vendor/rails/actionpack/lib/action_controller/dispatcher.rb:114:in `call'
    /Users/noel/Projects/time_travel/vendor/rails/actionpack/lib/action_controller/reloader.rb:34:in `run'
    /Users/noel/Projects/time_travel/vendor/rails/actionpack/lib/action_controller/dispatcher.rb:108:in `call'
    /Users/noel/Projects/time_travel/vendor/rails/railties/lib/rails/rack/static.rb:31:in `call'
    /Users/noel/.rvm/gems/ruby-1.8.7-p302@time_travel/gems/rack-1.1.0/lib/rack/urlmap.rb:47:in `call'
    /Users/noel/.rvm/gems/ruby-1.8.7-p302@time_travel/gems/rack-1.1.0/lib/rack/urlmap.rb:41:in `each'
    /Users/noel/.rvm/gems/ruby-1.8.7-p302@time_travel/gems/rack-1.1.0/lib/rack/urlmap.rb:41:in `call'
    /Users/noel/Projects/time_travel/vendor/rails/railties/lib/rails/rack/log_tailer.rb:17:in `call'
    /Users/noel/.rvm/gems/ruby-1.8.7-p302@time_travel/gems/rack-1.1.0/lib/rack/content_length.rb:13:in `call'
    /Users/noel/.rvm/gems/ruby-1.8.7-p302@time_travel/gems/rack-1.1.0/lib/rack/handler/webrick.rb:48:in `service'
    /Users/noel/.rvm/rubies/ruby-1.8.7-p302/lib/ruby/1.8/webrick/httpserver.rb:104:in `service'
    /Users/noel/.rvm/rubies/ruby-1.8.7-p302/lib/ruby/1.8/webrick/httpserver.rb:65:in `run'
    /Users/noel/.rvm/rubies/ruby-1.8.7-p302/lib/ruby/1.8/webrick/server.rb:173:in `start_thread'
    /Users/noel/.rvm/rubies/ruby-1.8.7-p302/lib/ruby/1.8/webrick/server.rb:162:in `start'
    /Users/noel/.rvm/rubies/ruby-1.8.7-p302/lib/ruby/1.8/webrick/server.rb:162:in `start_thread'
    /Users/noel/.rvm/rubies/ruby-1.8.7-p302/lib/ruby/1.8/webrick/server.rb:95:in `start'
    /Users/noel/.rvm/rubies/ruby-1.8.7-p302/lib/ruby/1.8/webrick/server.rb:92:in `each'
    /Users/noel/.rvm/rubies/ruby-1.8.7-p302/lib/ruby/1.8/webrick/server.rb:92:in `start'
    /Users/noel/.rvm/rubies/ruby-1.8.7-p302/lib/ruby/1.8/webrick/server.rb:23:in `start'
    /Users/noel/.rvm/rubies/ruby-1.8.7-p302/lib/ruby/1.8/webrick/server.rb:82:in `start'
    /Users/noel/.rvm/gems/ruby-1.8.7-p302@time_travel/gems/rack-1.1.0/lib/rack/handler/webrick.rb:14:in `run'
    /Users/noel/Projects/time_travel/vendor/rails/railties/lib/commands/server.rb:111
    /Users/noel/.rvm/rubies/ruby-1.8.7-p302/lib/ruby/site_ruby/1.8/rubygems/custom_require.rb:31:in `gem_original_require'
    /Users/noel/.rvm/rubies/ruby-1.8.7-p302/lib/ruby/site_ruby/1.8/rubygems/custom_require.rb:31:in `require'
    script/server:3
  [4;36;1mSQL (0.2ms)[0m   [0;1mSET NAMES 'utf8'[0m
  [4;35;1mSQL (0.1ms)[0m   [0mSET SQL_AUTO_IS_NULL=0[0m
  [4;36;1mSQL (64.6ms)[0m   [0;1mSHOW TABLES[0m
  [4;35;1mSQL (121.5ms)[0m   [0mCREATE TABLE `schema_migrations` (`version` varchar(255) NOT NULL) ENGINE=InnoDB[0m
  [4;36;1mSQL (0.9ms)[0m   [0;1mSHOW KEYS FROM `schema_migrations`[0m
  [4;35;1mSQL (325.0ms)[0m   [0mCREATE UNIQUE INDEX `unique_schema_migrations` ON `schema_migrations` (`version`)[0m
  [4;36;1mSQL (0.4ms)[0m   [0;1mSHOW TABLES[0m
  [4;35;1mSQL (0.4ms)[0m   [0mSELECT version FROM schema_migrations[0m
Migrating to CreateUsers (20100829195347)
  [4;36;1mSQL (114.6ms)[0m   [0;1mCREATE TABLE `users` (`id` int(11) DEFAULT NULL auto_increment PRIMARY KEY, `login` varchar(255) NOT NULL, `email` varchar(255) NOT NULL, `crypted_password` varchar(255) NOT NULL, `password_salt` varchar(255) NOT NULL, `persistence_token` varchar(255) NOT NULL, `single_access_token` varchar(255) NOT NULL, `perishable_token` varchar(255) NOT NULL, `login_count` int(11) DEFAULT 0 NOT NULL, `failed_login_count` int(11) DEFAULT 0 NOT NULL, `last_request_at` datetime, `current_login_at` datetime, `last_login_at` datetime, `current_login_ip` varchar(255), `last_login_ip` varchar(255), `created_at` datetime, `updated_at` datetime) ENGINE=InnoDB[0m
  [4;35;1mSQL (0.9ms)[0m   [0mINSERT INTO schema_migrations (version) VALUES ('20100829195347')[0m
  [4;36;1mSQL (0.5ms)[0m   [0;1mSHOW TABLES[0m
  [4;35;1mSQL (0.2ms)[0m   [0mSELECT version FROM schema_migrations[0m
  [4;36;1mSQL (0.3ms)[0m   [0;1mSHOW TABLES[0m
  [4;35;1mSQL (2.2ms)[0m   [0mSHOW FIELDS FROM `users`[0m
  [4;36;1mSQL (24.4ms)[0m   [0;1mdescribe `users`[0m
  [4;35;1mSQL (0.4ms)[0m   [0mSHOW KEYS FROM `users`[0m
  [4;36;1mSQL (0.1ms)[0m   [0;1mSET NAMES 'utf8'[0m
  [4;35;1mSQL (0.1ms)[0m   [0mSET SQL_AUTO_IS_NULL=0[0m


Processing UsersController#index (for 127.0.0.1 at 2010-08-29 16:02:53) [GET]
  Parameters: {"action"=>"index", "controller"=>"users"}

ActionController::UnknownAction (No action responded to index. Actions: create, edit, new, show, and update):
  /Users/noel/.rvm/rubies/ruby-1.8.7-p302/lib/ruby/1.8/webrick/httpserver.rb:104:in `service'
  /Users/noel/.rvm/rubies/ruby-1.8.7-p302/lib/ruby/1.8/webrick/httpserver.rb:65:in `run'
  /Users/noel/.rvm/rubies/ruby-1.8.7-p302/lib/ruby/1.8/webrick/server.rb:173:in `start_thread'
  /Users/noel/.rvm/rubies/ruby-1.8.7-p302/lib/ruby/1.8/webrick/server.rb:162:in `start'
  /Users/noel/.rvm/rubies/ruby-1.8.7-p302/lib/ruby/1.8/webrick/server.rb:162:in `start_thread'
  /Users/noel/.rvm/rubies/ruby-1.8.7-p302/lib/ruby/1.8/webrick/server.rb:95:in `start'
  /Users/noel/.rvm/rubies/ruby-1.8.7-p302/lib/ruby/1.8/webrick/server.rb:92:in `each'
  /Users/noel/.rvm/rubies/ruby-1.8.7-p302/lib/ruby/1.8/webrick/server.rb:92:in `start'
  /Users/noel/.rvm/rubies/ruby-1.8.7-p302/lib/ruby/1.8/webrick/server.rb:23:in `start'
  /Users/noel/.rvm/rubies/ruby-1.8.7-p302/lib/ruby/1.8/webrick/server.rb:82:in `start'

Rendering rescues/layout (not_found)
  [4;36;1mSQL (0.2ms)[0m   [0;1mSET NAMES 'utf8'[0m
  [4;35;1mSQL (0.1ms)[0m   [0mSET SQL_AUTO_IS_NULL=0[0m


Processing UserSessionsController#new (for 127.0.0.1 at 2010-08-29 16:03:22) [GET]
  Parameters: {"action"=>"new", "controller"=>"user_sessions"}

NameError (uninitialized constant ApplicationController::UserSession):
  app/controllers/application_controller.rb:14:in `current_user_session'
  app/controllers/application_controller.rb:19:in `current_user'
  app/controllers/application_controller.rb:32:in `require_no_user'
  /Users/noel/.rvm/rubies/ruby-1.8.7-p302/lib/ruby/1.8/webrick/httpserver.rb:104:in `service'
  /Users/noel/.rvm/rubies/ruby-1.8.7-p302/lib/ruby/1.8/webrick/httpserver.rb:65:in `run'
  /Users/noel/.rvm/rubies/ruby-1.8.7-p302/lib/ruby/1.8/webrick/server.rb:173:in `start_thread'
  /Users/noel/.rvm/rubies/ruby-1.8.7-p302/lib/ruby/1.8/webrick/server.rb:162:in `start'
  /Users/noel/.rvm/rubies/ruby-1.8.7-p302/lib/ruby/1.8/webrick/server.rb:162:in `start_thread'
  /Users/noel/.rvm/rubies/ruby-1.8.7-p302/lib/ruby/1.8/webrick/server.rb:95:in `start'
  /Users/noel/.rvm/rubies/ruby-1.8.7-p302/lib/ruby/1.8/webrick/server.rb:92:in `each'
  /Users/noel/.rvm/rubies/ruby-1.8.7-p302/lib/ruby/1.8/webrick/server.rb:92:in `start'
  /Users/noel/.rvm/rubies/ruby-1.8.7-p302/lib/ruby/1.8/webrick/server.rb:23:in `start'
  /Users/noel/.rvm/rubies/ruby-1.8.7-p302/lib/ruby/1.8/webrick/server.rb:82:in `start'

Rendered rescues/_trace (34.1ms)
Rendered rescues/_request_and_response (1.2ms)
Rendering rescues/layout (internal_server_error)
  [4;36;1mSQL (0.2ms)[0m   [0;1mSET NAMES 'utf8'[0m
  [4;35;1mSQL (0.1ms)[0m   [0mSET SQL_AUTO_IS_NULL=0[0m


Processing UserSessionsController#new (for 127.0.0.1 at 2010-08-29 16:04:23) [GET]
  Parameters: {"action"=>"new", "controller"=>"user_sessions"}
  [4;36;1mUser Columns (2.3ms)[0m   [0;1mSHOW FIELDS FROM `users`[0m
Rendering user_sessions/new
Completed in 65ms (View: 52, DB: 3) | 200 OK [http://localhost/]
  [4;35;1mSQL (0.1ms)[0m   [0mSET NAMES 'utf8'[0m
  [4;36;1mSQL (0.1ms)[0m   [0;1mSET SQL_AUTO_IS_NULL=0[0m


Processing ApplicationController#index (for 127.0.0.1 at 2010-08-29 16:04:29) [GET]

ActionController::RoutingError (No route matches "/user" with {:method=>:get}):
  /Users/noel/.rvm/rubies/ruby-1.8.7-p302/lib/ruby/1.8/webrick/httpserver.rb:104:in `service'
  /Users/noel/.rvm/rubies/ruby-1.8.7-p302/lib/ruby/1.8/webrick/httpserver.rb:65:in `run'
  /Users/noel/.rvm/rubies/ruby-1.8.7-p302/lib/ruby/1.8/webrick/server.rb:173:in `start_thread'
  /Users/noel/.rvm/rubies/ruby-1.8.7-p302/lib/ruby/1.8/webrick/server.rb:162:in `start'
  /Users/noel/.rvm/rubies/ruby-1.8.7-p302/lib/ruby/1.8/webrick/server.rb:162:in `start_thread'
  /Users/noel/.rvm/rubies/ruby-1.8.7-p302/lib/ruby/1.8/webrick/server.rb:95:in `start'
  /Users/noel/.rvm/rubies/ruby-1.8.7-p302/lib/ruby/1.8/webrick/server.rb:92:in `each'
  /Users/noel/.rvm/rubies/ruby-1.8.7-p302/lib/ruby/1.8/webrick/server.rb:92:in `start'
  /Users/noel/.rvm/rubies/ruby-1.8.7-p302/lib/ruby/1.8/webrick/server.rb:23:in `start'
  /Users/noel/.rvm/rubies/ruby-1.8.7-p302/lib/ruby/1.8/webrick/server.rb:82:in `start'

Rendering rescues/layout (not_found)
  [4;35;1mSQL (0.1ms)[0m   [0mSET NAMES 'utf8'[0m
  [4;36;1mSQL (0.1ms)[0m   [0;1mSET SQL_AUTO_IS_NULL=0[0m


Processing UsersController#new (for 127.0.0.1 at 2010-08-29 16:04:32) [GET]
  Parameters: {"action"=>"new", "controller"=>"users"}
  [4;35;1mUser Columns (2.1ms)[0m   [0mSHOW FIELDS FROM `users`[0m
Rendering users/new
Rendered users/_form (7.8ms)
Completed in 70ms (View: 56, DB: 2) | 200 OK [http://localhost/users/new]
